#
# There is insufficient memory for the Java Runtime Environment to continue.
# Native memory allocation (mmap) failed to map 65536 bytes for Failed to commit metaspace.
# Possible reasons:
#   The system is out of physical RAM or swap space
#   The process is running with CompressedOops enabled, and the Java Heap may be blocking the growth of the native heap
# Possible solutions:
#   Reduce memory load on the system
#   Increase physical memory or swap space
#   Check if swap backing store is full
#   Decrease Java heap size (-Xmx/-Xms)
#   Decrease number of Java threads
#   Decrease Java thread stack sizes (-Xss)
#   Set larger code cache with -XX:ReservedCodeCacheSize=
#   JVM is running with Zero Based Compressed Oops mode in which the Java heap is
#     placed in the first 32GB address space. The Java Heap base address is the
#     maximum limit for the native heap growth. Please use -XX:HeapBaseMinAddress
#     to set the Java Heap base and to place the Java Heap above 32GB virtual address.
# This output file may be truncated or incomplete.
#
#  Out of Memory Error (virtualSpaceNode.cpp:110), pid=1980, tid=22308
#
# JRE version: OpenJDK Runtime Environment (17.0.2+8) (build 17.0.2+8-86)
# Java VM: OpenJDK 64-Bit Server VM (17.0.2+8-86, mixed mode, emulated-client, sharing, tiered, compressed oops, compressed class ptrs, g1 gc, windows-amd64)
# No core dump will be written. Minidumps are not enabled by default on client versions of Windows
#

---------------  S U M M A R Y ------------

Command Line: -XX:TieredStopAtLevel=1 com.example.application.Application

Host: Intel(R) Core(TM) i7-8850H CPU @ 2.60GHz, 12 cores, 15G,  Windows 10 , 64 bit Build 19041 (10.0.19041.5198)
Time: Mon Feb 10 14:35:23 2025 SE Asia Standard Time elapsed time: 0.622072 seconds (0d 0h 0m 0s)

---------------  T H R E A D  ---------------

Current thread (0x0000027f068f5790):  JavaThread "main" [_thread_in_vm, id=22308, stack(0x0000009946e00000,0x0000009946f00000)]

Stack: [0x0000009946e00000,0x0000009946f00000]
Native frames: (J=compiled Java code, j=interpreted, Vv=VM code, C=native code)
V  [jvm.dll+0x670baa]
V  [jvm.dll+0x7cfcb4]
V  [jvm.dll+0x7d145e]
V  [jvm.dll+0x7d1ac3]
V  [jvm.dll+0x242bc5]
V  [jvm.dll+0x7cbc5b]
V  [jvm.dll+0x616966]
V  [jvm.dll+0x6169ca]
V  [jvm.dll+0x6191da]
V  [jvm.dll+0x617306]
V  [jvm.dll+0x23718f]
V  [jvm.dll+0x621015]
V  [jvm.dll+0x1e7e2b]
V  [jvm.dll+0x1e8365]
V  [jvm.dll+0x1e8d9f]
V  [jvm.dll+0x1de251]
V  [jvm.dll+0x537c30]
V  [jvm.dll+0x1eea37]
V  [jvm.dll+0x74a15b]
V  [jvm.dll+0x74b502]
V  [jvm.dll+0x40fd95]
C  [java.dll+0x1a55]

Java frames: (J=compiled Java code, j=interpreted, Vv=VM code)
J 709  java.lang.ClassLoader.findBootstrapClass(Ljava/lang/String;)Ljava/lang/Class; java.base@17.0.2 (0 bytes) @ 0x0000027f0fbeaafa [0x0000027f0fbeaaa0+0x000000000000005a]
J 714 c1 jdk.internal.loader.ClassLoaders$BootClassLoader.loadClassOrNull(Ljava/lang/String;Z)Ljava/lang/Class; java.base@17.0.2 (10 bytes) @ 0x0000027f0fbee124 [0x0000027f0fbee0c0+0x0000000000000064]
J 493 c1 jdk.internal.loader.BuiltinClassLoader.loadClassOrNull(Ljava/lang/String;Z)Ljava/lang/Class; java.base@17.0.2 (143 bytes) @ 0x0000027f0fb94124 [0x0000027f0fb93d80+0x00000000000003a4]
J 712 c1 jdk.internal.loader.ClassLoaders$AppClassLoader.loadClass(Ljava/lang/String;Z)Ljava/lang/Class; java.base@17.0.2 (40 bytes) @ 0x0000027f0fbee5ac [0x0000027f0fbee460+0x000000000000014c]
J 711 c1 java.lang.ClassLoader.loadClass(Ljava/lang/String;)Ljava/lang/Class; java.base@17.0.2 (7 bytes) @ 0x0000027f0fbed9e4 [0x0000027f0fbed9a0+0x0000000000000044]
v  ~StubRoutines::call_stub
j  org.springframework.core.io.support.SpringFactoriesLoader.loadFactoriesResource(Ljava/lang/ClassLoader;Ljava/lang/String;)Ljava/util/Map;+23
j  org.springframework.core.io.support.SpringFactoriesLoader.lambda$forResourceLocation$2(Ljava/lang/ClassLoader;Ljava/lang/ClassLoader;Ljava/lang/String;Ljava/lang/String;)Lorg/springframework/core/io/support/SpringFactoriesLoader;+7
j  org.springframework.core.io.support.SpringFactoriesLoader$$Lambda$10+0x0000000800c25b28.apply(Ljava/lang/Object;)Ljava/lang/Object;+16
j  java.util.concurrent.ConcurrentMap.computeIfAbsent(Ljava/lang/Object;Ljava/util/function/Function;)Ljava/lang/Object;+19 java.base@17.0.2
j  org.springframework.core.io.support.SpringFactoriesLoader.forResourceLocation(Ljava/lang/String;Ljava/lang/ClassLoader;)Lorg/springframework/core/io/support/SpringFactoriesLoader;+48
j  org.springframework.core.io.support.SpringFactoriesLoader.forDefaultResourceLocation(Ljava/lang/ClassLoader;)Lorg/springframework/core/io/support/SpringFactoriesLoader;+3
j  org.springframework.boot.SpringApplication.getSpringFactoriesInstances(Ljava/lang/Class;Lorg/springframework/core/io/support/SpringFactoriesLoader$ArgumentResolver;)Ljava/util/List;+4
j  org.springframework.boot.SpringApplication.getSpringFactoriesInstances(Ljava/lang/Class;)Ljava/util/List;+3
j  org.springframework.boot.SpringApplication.<init>(Lorg/springframework/core/io/ResourceLoader;[Ljava/lang/Class;)V+100
j  org.springframework.boot.SpringApplication.<init>([Ljava/lang/Class;)V+3
j  org.springframework.boot.SpringApplication.run([Ljava/lang/Class;[Ljava/lang/String;)Lorg/springframework/context/ConfigurableApplicationContext;+5
j  org.springframework.boot.SpringApplication.run(Ljava/lang/Class;[Ljava/lang/String;)Lorg/springframework/context/ConfigurableApplicationContext;+9
j  com.example.application.Application.main([Ljava/lang/String;)V+3
v  ~StubRoutines::call_stub

---------------  P R O C E S S  ---------------

Threads class SMR info:
_java_thread_list=0x0000027f1f982430, length=13, elements={
0x0000027f068f5790, 0x0000027f1f7b3a80, 0x0000027f1f7b4500, 0x0000027f1f7c6420,
0x0000027f1f7c6ae0, 0x0000027f1cbfc0e0, 0x0000027f1f7cf0c0, 0x0000027f063262d0,
0x0000027f1f7d8b90, 0x0000027f06326cf0, 0x0000027f06327200, 0x0000027f1f9a5230,
0x0000027f1f9a9100
}

Java Threads: ( => current thread )
=>0x0000027f068f5790 JavaThread "main" [_thread_in_vm, id=22308, stack(0x0000009946e00000,0x0000009946f00000)]
  0x0000027f1f7b3a80 JavaThread "Reference Handler" daemon [_thread_blocked, id=19260, stack(0x0000009947500000,0x0000009947600000)]
  0x0000027f1f7b4500 JavaThread "Finalizer" daemon [_thread_blocked, id=13076, stack(0x0000009947600000,0x0000009947700000)]
  0x0000027f1f7c6420 JavaThread "Signal Dispatcher" daemon [_thread_blocked, id=11912, stack(0x0000009947700000,0x0000009947800000)]
  0x0000027f1f7c6ae0 JavaThread "Attach Listener" daemon [_thread_blocked, id=9708, stack(0x0000009947800000,0x0000009947900000)]
  0x0000027f1cbfc0e0 JavaThread "Service Thread" daemon [_thread_blocked, id=15792, stack(0x0000009947900000,0x0000009947a00000)]
  0x0000027f1f7cf0c0 JavaThread "Monitor Deflation Thread" daemon [_thread_blocked, id=2484, stack(0x0000009947a00000,0x0000009947b00000)]
  0x0000027f063262d0 JavaThread "C1 CompilerThread0" daemon [_thread_blocked, id=6752, stack(0x0000009947b00000,0x0000009947c00000)]
  0x0000027f1f7d8b90 JavaThread "Sweeper thread" daemon [_thread_blocked, id=6740, stack(0x0000009947c00000,0x0000009947d00000)]
  0x0000027f06326cf0 JavaThread "C1 CompilerThread1" daemon [_thread_blocked, id=19048, stack(0x0000009947d00000,0x0000009947e00000)]
  0x0000027f06327200 JavaThread "C1 CompilerThread2" daemon [_thread_blocked, id=9300, stack(0x0000009947e00000,0x0000009947f00000)]
  0x0000027f1f9a5230 JavaThread "Notification Thread" daemon [_thread_blocked, id=20948, stack(0x0000009947f00000,0x0000009948000000)]
  0x0000027f1f9a9100 JavaThread "Common-Cleaner" daemon [_thread_blocked, id=20004, stack(0x0000009948100000,0x0000009948200000)]

Other Threads:
  0x0000027f1f7b1f90 VMThread "VM Thread" [stack: 0x0000009947400000,0x0000009947500000] [id=4828]
  0x0000027f06325230 WatcherThread [stack: 0x0000009948000000,0x0000009948100000] [id=17824]
  0x0000027f0693d310 GCTaskThread "GC Thread#0" [stack: 0x0000009946f00000,0x0000009947000000] [id=19804]
  0x0000027f1ca3dc90 ConcurrentGCThread "G1 Main Marker" [stack: 0x0000009947000000,0x0000009947100000] [id=1360]
  0x0000027f0693e960 ConcurrentGCThread "G1 Conc#0" [stack: 0x0000009947100000,0x0000009947200000] [id=12672]
  0x0000027f1cb32dc0 ConcurrentGCThread "G1 Refine#0" [stack: 0x0000009947200000,0x0000009947300000] [id=11048]
  0x0000027f1cb333f0 ConcurrentGCThread "G1 Service" [stack: 0x0000009947300000,0x0000009947400000] [id=17688]

Threads with active compile tasks:

VM state: not at safepoint (normal execution)

VM Mutex/Monitor currently owned by a thread:  ([mutex/lock_event])
[0x0000027f06344850] Metaspace_lock - owner thread: 0x0000027f068f5790

Heap address: 0x0000000703200000, size: 4046 MB, Compressed Oops mode: Zero based, Oop shift amount: 3

CDS archive(s) mapped at: [0x0000000800000000-0x0000000800bc0000-0x0000000800bc0000), size 12320768, SharedBaseAddress: 0x0000000800000000, ArchiveRelocationMode: 0.
Compressed class space mapped at: 0x0000000800c00000-0x0000000840c00000, reserved size: 1073741824
Narrow klass base: 0x0000000800000000, Narrow klass shift: 0, Narrow klass range: 0x100000000

GC Precious Log:
 CPUs: 12 total, 12 available
 Memory: 16176M
 Large Page Support: Disabled
 NUMA Support: Disabled
 Compressed Oops: Enabled (Zero based)
 Heap Region Size: 2M
 Heap Min Capacity: 8M
 Heap Initial Capacity: 254M
 Heap Max Capacity: 4046M
 Pre-touch: Disabled
 Parallel Workers: 10
 Concurrent Workers: 3
 Concurrent Refinement Workers: 10
 Periodic GC: Disabled

Heap:
 garbage-first heap   total 260096K, used 18432K [0x0000000703200000, 0x0000000800000000)
  region size 2048K, 11 young (22528K), 0 survivors (0K)
 Metaspace       used 2177K, committed 2304K, reserved 1056768K
  class space    used 256K, committed 320K, reserved 1048576K

Heap Regions: E=young(eden), S=young(survivor), O=old, HS=humongous(starts), HC=humongous(continues), CS=collection set, F=free, OA=open archive, CA=closed archive, TAMS=top-at-mark-start (previous, next)
|   0|0x0000000703200000, 0x0000000703200000, 0x0000000703400000|  0%| F|  |TAMS 0x0000000703200000, 0x0000000703200000| Untracked 
|   1|0x0000000703400000, 0x0000000703400000, 0x0000000703600000|  0%| F|  |TAMS 0x0000000703400000, 0x0000000703400000| Untracked 
|   2|0x0000000703600000, 0x0000000703600000, 0x0000000703800000|  0%| F|  |TAMS 0x0000000703600000, 0x0000000703600000| Untracked 
|   3|0x0000000703800000, 0x0000000703800000, 0x0000000703a00000|  0%| F|  |TAMS 0x0000000703800000, 0x0000000703800000| Untracked 
|   4|0x0000000703a00000, 0x0000000703a00000, 0x0000000703c00000|  0%| F|  |TAMS 0x0000000703a00000, 0x0000000703a00000| Untracked 
|   5|0x0000000703c00000, 0x0000000703c00000, 0x0000000703e00000|  0%| F|  |TAMS 0x0000000703c00000, 0x0000000703c00000| Untracked 
|   6|0x0000000703e00000, 0x0000000703e00000, 0x0000000704000000|  0%| F|  |TAMS 0x0000000703e00000, 0x0000000703e00000| Untracked 
|   7|0x0000000704000000, 0x0000000704000000, 0x0000000704200000|  0%| F|  |TAMS 0x0000000704000000, 0x0000000704000000| Untracked 
|   8|0x0000000704200000, 0x0000000704200000, 0x0000000704400000|  0%| F|  |TAMS 0x0000000704200000, 0x0000000704200000| Untracked 
|   9|0x0000000704400000, 0x0000000704400000, 0x0000000704600000|  0%| F|  |TAMS 0x0000000704400000, 0x0000000704400000| Untracked 
|  10|0x0000000704600000, 0x0000000704600000, 0x0000000704800000|  0%| F|  |TAMS 0x0000000704600000, 0x0000000704600000| Untracked 
|  11|0x0000000704800000, 0x0000000704800000, 0x0000000704a00000|  0%| F|  |TAMS 0x0000000704800000, 0x0000000704800000| Untracked 
|  12|0x0000000704a00000, 0x0000000704a00000, 0x0000000704c00000|  0%| F|  |TAMS 0x0000000704a00000, 0x0000000704a00000| Untracked 
|  13|0x0000000704c00000, 0x0000000704c00000, 0x0000000704e00000|  0%| F|  |TAMS 0x0000000704c00000, 0x0000000704c00000| Untracked 
|  14|0x0000000704e00000, 0x0000000704e00000, 0x0000000705000000|  0%| F|  |TAMS 0x0000000704e00000, 0x0000000704e00000| Untracked 
|  15|0x0000000705000000, 0x0000000705000000, 0x0000000705200000|  0%| F|  |TAMS 0x0000000705000000, 0x0000000705000000| Untracked 
|  16|0x0000000705200000, 0x0000000705200000, 0x0000000705400000|  0%| F|  |TAMS 0x0000000705200000, 0x0000000705200000| Untracked 
|  17|0x0000000705400000, 0x0000000705400000, 0x0000000705600000|  0%| F|  |TAMS 0x0000000705400000, 0x0000000705400000| Untracked 
|  18|0x0000000705600000, 0x0000000705600000, 0x0000000705800000|  0%| F|  |TAMS 0x0000000705600000, 0x0000000705600000| Untracked 
|  19|0x0000000705800000, 0x0000000705800000, 0x0000000705a00000|  0%| F|  |TAMS 0x0000000705800000, 0x0000000705800000| Untracked 
|  20|0x0000000705a00000, 0x0000000705a00000, 0x0000000705c00000|  0%| F|  |TAMS 0x0000000705a00000, 0x0000000705a00000| Untracked 
|  21|0x0000000705c00000, 0x0000000705c00000, 0x0000000705e00000|  0%| F|  |TAMS 0x0000000705c00000, 0x0000000705c00000| Untracked 
|  22|0x0000000705e00000, 0x0000000705e00000, 0x0000000706000000|  0%| F|  |TAMS 0x0000000705e00000, 0x0000000705e00000| Untracked 
|  23|0x0000000706000000, 0x0000000706000000, 0x0000000706200000|  0%| F|  |TAMS 0x0000000706000000, 0x0000000706000000| Untracked 
|  24|0x0000000706200000, 0x0000000706200000, 0x0000000706400000|  0%| F|  |TAMS 0x0000000706200000, 0x0000000706200000| Untracked 
|  25|0x0000000706400000, 0x0000000706400000, 0x0000000706600000|  0%| F|  |TAMS 0x0000000706400000, 0x0000000706400000| Untracked 
|  26|0x0000000706600000, 0x0000000706600000, 0x0000000706800000|  0%| F|  |TAMS 0x0000000706600000, 0x0000000706600000| Untracked 
|  27|0x0000000706800000, 0x0000000706800000, 0x0000000706a00000|  0%| F|  |TAMS 0x0000000706800000, 0x0000000706800000| Untracked 
|  28|0x0000000706a00000, 0x0000000706a00000, 0x0000000706c00000|  0%| F|  |TAMS 0x0000000706a00000, 0x0000000706a00000| Untracked 
|  29|0x0000000706c00000, 0x0000000706c00000, 0x0000000706e00000|  0%| F|  |TAMS 0x0000000706c00000, 0x0000000706c00000| Untracked 
|  30|0x0000000706e00000, 0x0000000706e00000, 0x0000000707000000|  0%| F|  |TAMS 0x0000000706e00000, 0x0000000706e00000| Untracked 
|  31|0x0000000707000000, 0x0000000707000000, 0x0000000707200000|  0%| F|  |TAMS 0x0000000707000000, 0x0000000707000000| Untracked 
|  32|0x0000000707200000, 0x0000000707200000, 0x0000000707400000|  0%| F|  |TAMS 0x0000000707200000, 0x0000000707200000| Untracked 
|  33|0x0000000707400000, 0x0000000707400000, 0x0000000707600000|  0%| F|  |TAMS 0x0000000707400000, 0x0000000707400000| Untracked 
|  34|0x0000000707600000, 0x0000000707600000, 0x0000000707800000|  0%| F|  |TAMS 0x0000000707600000, 0x0000000707600000| Untracked 
|  35|0x0000000707800000, 0x0000000707800000, 0x0000000707a00000|  0%| F|  |TAMS 0x0000000707800000, 0x0000000707800000| Untracked 
|  36|0x0000000707a00000, 0x0000000707a00000, 0x0000000707c00000|  0%| F|  |TAMS 0x0000000707a00000, 0x0000000707a00000| Untracked 
|  37|0x0000000707c00000, 0x0000000707c00000, 0x0000000707e00000|  0%| F|  |TAMS 0x0000000707c00000, 0x0000000707c00000| Untracked 
|  38|0x0000000707e00000, 0x0000000707e00000, 0x0000000708000000|  0%| F|  |TAMS 0x0000000707e00000, 0x0000000707e00000| Untracked 
|  39|0x0000000708000000, 0x0000000708000000, 0x0000000708200000|  0%| F|  |TAMS 0x0000000708000000, 0x0000000708000000| Untracked 
|  40|0x0000000708200000, 0x0000000708200000, 0x0000000708400000|  0%| F|  |TAMS 0x0000000708200000, 0x0000000708200000| Untracked 
|  41|0x0000000708400000, 0x0000000708400000, 0x0000000708600000|  0%| F|  |TAMS 0x0000000708400000, 0x0000000708400000| Untracked 
|  42|0x0000000708600000, 0x0000000708600000, 0x0000000708800000|  0%| F|  |TAMS 0x0000000708600000, 0x0000000708600000| Untracked 
|  43|0x0000000708800000, 0x0000000708800000, 0x0000000708a00000|  0%| F|  |TAMS 0x0000000708800000, 0x0000000708800000| Untracked 
|  44|0x0000000708a00000, 0x0000000708a00000, 0x0000000708c00000|  0%| F|  |TAMS 0x0000000708a00000, 0x0000000708a00000| Untracked 
|  45|0x0000000708c00000, 0x0000000708c00000, 0x0000000708e00000|  0%| F|  |TAMS 0x0000000708c00000, 0x0000000708c00000| Untracked 
|  46|0x0000000708e00000, 0x0000000708e00000, 0x0000000709000000|  0%| F|  |TAMS 0x0000000708e00000, 0x0000000708e00000| Untracked 
|  47|0x0000000709000000, 0x0000000709000000, 0x0000000709200000|  0%| F|  |TAMS 0x0000000709000000, 0x0000000709000000| Untracked 
|  48|0x0000000709200000, 0x0000000709200000, 0x0000000709400000|  0%| F|  |TAMS 0x0000000709200000, 0x0000000709200000| Untracked 
|  49|0x0000000709400000, 0x0000000709400000, 0x0000000709600000|  0%| F|  |TAMS 0x0000000709400000, 0x0000000709400000| Untracked 
|  50|0x0000000709600000, 0x0000000709600000, 0x0000000709800000|  0%| F|  |TAMS 0x0000000709600000, 0x0000000709600000| Untracked 
|  51|0x0000000709800000, 0x0000000709800000, 0x0000000709a00000|  0%| F|  |TAMS 0x0000000709800000, 0x0000000709800000| Untracked 
|  52|0x0000000709a00000, 0x0000000709a00000, 0x0000000709c00000|  0%| F|  |TAMS 0x0000000709a00000, 0x0000000709a00000| Untracked 
|  53|0x0000000709c00000, 0x0000000709c00000, 0x0000000709e00000|  0%| F|  |TAMS 0x0000000709c00000, 0x0000000709c00000| Untracked 
|  54|0x0000000709e00000, 0x0000000709e00000, 0x000000070a000000|  0%| F|  |TAMS 0x0000000709e00000, 0x0000000709e00000| Untracked 
|  55|0x000000070a000000, 0x000000070a000000, 0x000000070a200000|  0%| F|  |TAMS 0x000000070a000000, 0x000000070a000000| Untracked 
|  56|0x000000070a200000, 0x000000070a200000, 0x000000070a400000|  0%| F|  |TAMS 0x000000070a200000, 0x000000070a200000| Untracked 
|  57|0x000000070a400000, 0x000000070a400000, 0x000000070a600000|  0%| F|  |TAMS 0x000000070a400000, 0x000000070a400000| Untracked 
|  58|0x000000070a600000, 0x000000070a600000, 0x000000070a800000|  0%| F|  |TAMS 0x000000070a600000, 0x000000070a600000| Untracked 
|  59|0x000000070a800000, 0x000000070a800000, 0x000000070aa00000|  0%| F|  |TAMS 0x000000070a800000, 0x000000070a800000| Untracked 
|  60|0x000000070aa00000, 0x000000070aa00000, 0x000000070ac00000|  0%| F|  |TAMS 0x000000070aa00000, 0x000000070aa00000| Untracked 
|  61|0x000000070ac00000, 0x000000070ac00000, 0x000000070ae00000|  0%| F|  |TAMS 0x000000070ac00000, 0x000000070ac00000| Untracked 
|  62|0x000000070ae00000, 0x000000070ae00000, 0x000000070b000000|  0%| F|  |TAMS 0x000000070ae00000, 0x000000070ae00000| Untracked 
|  63|0x000000070b000000, 0x000000070b000000, 0x000000070b200000|  0%| F|  |TAMS 0x000000070b000000, 0x000000070b000000| Untracked 
|  64|0x000000070b200000, 0x000000070b200000, 0x000000070b400000|  0%| F|  |TAMS 0x000000070b200000, 0x000000070b200000| Untracked 
|  65|0x000000070b400000, 0x000000070b400000, 0x000000070b600000|  0%| F|  |TAMS 0x000000070b400000, 0x000000070b400000| Untracked 
|  66|0x000000070b600000, 0x000000070b600000, 0x000000070b800000|  0%| F|  |TAMS 0x000000070b600000, 0x000000070b600000| Untracked 
|  67|0x000000070b800000, 0x000000070b800000, 0x000000070ba00000|  0%| F|  |TAMS 0x000000070b800000, 0x000000070b800000| Untracked 
|  68|0x000000070ba00000, 0x000000070ba00000, 0x000000070bc00000|  0%| F|  |TAMS 0x000000070ba00000, 0x000000070ba00000| Untracked 
|  69|0x000000070bc00000, 0x000000070bc00000, 0x000000070be00000|  0%| F|  |TAMS 0x000000070bc00000, 0x000000070bc00000| Untracked 
|  70|0x000000070be00000, 0x000000070be00000, 0x000000070c000000|  0%| F|  |TAMS 0x000000070be00000, 0x000000070be00000| Untracked 
|  71|0x000000070c000000, 0x000000070c000000, 0x000000070c200000|  0%| F|  |TAMS 0x000000070c000000, 0x000000070c000000| Untracked 
|  72|0x000000070c200000, 0x000000070c200000, 0x000000070c400000|  0%| F|  |TAMS 0x000000070c200000, 0x000000070c200000| Untracked 
|  73|0x000000070c400000, 0x000000070c400000, 0x000000070c600000|  0%| F|  |TAMS 0x000000070c400000, 0x000000070c400000| Untracked 
|  74|0x000000070c600000, 0x000000070c600000, 0x000000070c800000|  0%| F|  |TAMS 0x000000070c600000, 0x000000070c600000| Untracked 
|  75|0x000000070c800000, 0x000000070c800000, 0x000000070ca00000|  0%| F|  |TAMS 0x000000070c800000, 0x000000070c800000| Untracked 
|  76|0x000000070ca00000, 0x000000070ca00000, 0x000000070cc00000|  0%| F|  |TAMS 0x000000070ca00000, 0x000000070ca00000| Untracked 
|  77|0x000000070cc00000, 0x000000070cc00000, 0x000000070ce00000|  0%| F|  |TAMS 0x000000070cc00000, 0x000000070cc00000| Untracked 
|  78|0x000000070ce00000, 0x000000070ce00000, 0x000000070d000000|  0%| F|  |TAMS 0x000000070ce00000, 0x000000070ce00000| Untracked 
|  79|0x000000070d000000, 0x000000070d000000, 0x000000070d200000|  0%| F|  |TAMS 0x000000070d000000, 0x000000070d000000| Untracked 
|  80|0x000000070d200000, 0x000000070d200000, 0x000000070d400000|  0%| F|  |TAMS 0x000000070d200000, 0x000000070d200000| Untracked 
|  81|0x000000070d400000, 0x000000070d400000, 0x000000070d600000|  0%| F|  |TAMS 0x000000070d400000, 0x000000070d400000| Untracked 
|  82|0x000000070d600000, 0x000000070d600000, 0x000000070d800000|  0%| F|  |TAMS 0x000000070d600000, 0x000000070d600000| Untracked 
|  83|0x000000070d800000, 0x000000070d800000, 0x000000070da00000|  0%| F|  |TAMS 0x000000070d800000, 0x000000070d800000| Untracked 
|  84|0x000000070da00000, 0x000000070da00000, 0x000000070dc00000|  0%| F|  |TAMS 0x000000070da00000, 0x000000070da00000| Untracked 
|  85|0x000000070dc00000, 0x000000070dc00000, 0x000000070de00000|  0%| F|  |TAMS 0x000000070dc00000, 0x000000070dc00000| Untracked 
|  86|0x000000070de00000, 0x000000070de00000, 0x000000070e000000|  0%| F|  |TAMS 0x000000070de00000, 0x000000070de00000| Untracked 
|  87|0x000000070e000000, 0x000000070e000000, 0x000000070e200000|  0%| F|  |TAMS 0x000000070e000000, 0x000000070e000000| Untracked 
|  88|0x000000070e200000, 0x000000070e200000, 0x000000070e400000|  0%| F|  |TAMS 0x000000070e200000, 0x000000070e200000| Untracked 
|  89|0x000000070e400000, 0x000000070e400000, 0x000000070e600000|  0%| F|  |TAMS 0x000000070e400000, 0x000000070e400000| Untracked 
|  90|0x000000070e600000, 0x000000070e600000, 0x000000070e800000|  0%| F|  |TAMS 0x000000070e600000, 0x000000070e600000| Untracked 
|  91|0x000000070e800000, 0x000000070e800000, 0x000000070ea00000|  0%| F|  |TAMS 0x000000070e800000, 0x000000070e800000| Untracked 
|  92|0x000000070ea00000, 0x000000070ea00000, 0x000000070ec00000|  0%| F|  |TAMS 0x000000070ea00000, 0x000000070ea00000| Untracked 
|  93|0x000000070ec00000, 0x000000070ec00000, 0x000000070ee00000|  0%| F|  |TAMS 0x000000070ec00000, 0x000000070ec00000| Untracked 
|  94|0x000000070ee00000, 0x000000070ee00000, 0x000000070f000000|  0%| F|  |TAMS 0x000000070ee00000, 0x000000070ee00000| Untracked 
|  95|0x000000070f000000, 0x000000070f000000, 0x000000070f200000|  0%| F|  |TAMS 0x000000070f000000, 0x000000070f000000| Untracked 
|  96|0x000000070f200000, 0x000000070f200000, 0x000000070f400000|  0%| F|  |TAMS 0x000000070f200000, 0x000000070f200000| Untracked 
|  97|0x000000070f400000, 0x000000070f400000, 0x000000070f600000|  0%| F|  |TAMS 0x000000070f400000, 0x000000070f400000| Untracked 
|  98|0x000000070f600000, 0x000000070f600000, 0x000000070f800000|  0%| F|  |TAMS 0x000000070f600000, 0x000000070f600000| Untracked 
|  99|0x000000070f800000, 0x000000070f800000, 0x000000070fa00000|  0%| F|  |TAMS 0x000000070f800000, 0x000000070f800000| Untracked 
| 100|0x000000070fa00000, 0x000000070fa00000, 0x000000070fc00000|  0%| F|  |TAMS 0x000000070fa00000, 0x000000070fa00000| Untracked 
| 101|0x000000070fc00000, 0x000000070fc00000, 0x000000070fe00000|  0%| F|  |TAMS 0x000000070fc00000, 0x000000070fc00000| Untracked 
| 102|0x000000070fe00000, 0x000000070fe00000, 0x0000000710000000|  0%| F|  |TAMS 0x000000070fe00000, 0x000000070fe00000| Untracked 
| 103|0x0000000710000000, 0x0000000710000000, 0x0000000710200000|  0%| F|  |TAMS 0x0000000710000000, 0x0000000710000000| Untracked 
| 104|0x0000000710200000, 0x0000000710200000, 0x0000000710400000|  0%| F|  |TAMS 0x0000000710200000, 0x0000000710200000| Untracked 
| 105|0x0000000710400000, 0x0000000710400000, 0x0000000710600000|  0%| F|  |TAMS 0x0000000710400000, 0x0000000710400000| Untracked 
| 106|0x0000000710600000, 0x0000000710600000, 0x0000000710800000|  0%| F|  |TAMS 0x0000000710600000, 0x0000000710600000| Untracked 
| 107|0x0000000710800000, 0x0000000710800000, 0x0000000710a00000|  0%| F|  |TAMS 0x0000000710800000, 0x0000000710800000| Untracked 
| 108|0x0000000710a00000, 0x0000000710a00000, 0x0000000710c00000|  0%| F|  |TAMS 0x0000000710a00000, 0x0000000710a00000| Untracked 
| 109|0x0000000710c00000, 0x0000000710c00000, 0x0000000710e00000|  0%| F|  |TAMS 0x0000000710c00000, 0x0000000710c00000| Untracked 
| 110|0x0000000710e00000, 0x0000000710e00000, 0x0000000711000000|  0%| F|  |TAMS 0x0000000710e00000, 0x0000000710e00000| Untracked 
| 111|0x0000000711000000, 0x0000000711000000, 0x0000000711200000|  0%| F|  |TAMS 0x0000000711000000, 0x0000000711000000| Untracked 
| 112|0x0000000711200000, 0x0000000711200000, 0x0000000711400000|  0%| F|  |TAMS 0x0000000711200000, 0x0000000711200000| Untracked 
| 113|0x0000000711400000, 0x0000000711400000, 0x0000000711600000|  0%| F|  |TAMS 0x0000000711400000, 0x0000000711400000| Untracked 
| 114|0x0000000711600000, 0x0000000711600000, 0x0000000711800000|  0%| F|  |TAMS 0x0000000711600000, 0x0000000711600000| Untracked 
| 115|0x0000000711800000, 0x0000000711800000, 0x0000000711a00000|  0%| F|  |TAMS 0x0000000711800000, 0x0000000711800000| Untracked 
| 116|0x0000000711a00000, 0x0000000711ae2d90, 0x0000000711c00000| 44%| E|  |TAMS 0x0000000711a00000, 0x0000000711a00000| Complete 
| 117|0x0000000711c00000, 0x0000000711e00000, 0x0000000711e00000|100%| E|CS|TAMS 0x0000000711c00000, 0x0000000711c00000| Complete 
| 118|0x0000000711e00000, 0x0000000712000000, 0x0000000712000000|100%| E|CS|TAMS 0x0000000711e00000, 0x0000000711e00000| Complete 
| 119|0x0000000712000000, 0x0000000712200000, 0x0000000712200000|100%| E|CS|TAMS 0x0000000712000000, 0x0000000712000000| Complete 
| 120|0x0000000712200000, 0x0000000712400000, 0x0000000712400000|100%| E|CS|TAMS 0x0000000712200000, 0x0000000712200000| Complete 
| 121|0x0000000712400000, 0x0000000712600000, 0x0000000712600000|100%| E|CS|TAMS 0x0000000712400000, 0x0000000712400000| Complete 
| 122|0x0000000712600000, 0x0000000712800000, 0x0000000712800000|100%| E|  |TAMS 0x0000000712600000, 0x0000000712600000| Complete 
| 123|0x0000000712800000, 0x0000000712a00000, 0x0000000712a00000|100%| E|CS|TAMS 0x0000000712800000, 0x0000000712800000| Complete 
| 124|0x0000000712a00000, 0x0000000712c00000, 0x0000000712c00000|100%| E|CS|TAMS 0x0000000712a00000, 0x0000000712a00000| Complete 
| 125|0x0000000712c00000, 0x0000000712e00000, 0x0000000712e00000|100%| E|CS|TAMS 0x0000000712c00000, 0x0000000712c00000| Complete 
| 126|0x0000000712e00000, 0x0000000713000000, 0x0000000713000000|100%| E|CS|TAMS 0x0000000712e00000, 0x0000000712e00000| Complete 

Card table byte_map: [0x0000027f13ba0000,0x0000027f14390000] _byte_map_base: 0x0000027f10387000

Marking Bits (Prev, Next): (CMBitMap*) 0x0000027f0693d920, (CMBitMap*) 0x0000027f0693d960
 Prev Bits: [0x0000027f14b80000, 0x0000027f18ab8000)
 Next Bits: [0x0000027f18ac0000, 0x0000027f1c9f8000)

Polling page: 0x0000027f06940000

Metaspace:

Usage:
  Non-class:      1.88 MB used.
      Class:    256.70 KB used.
       Both:      2.13 MB used.

Virtual space:
  Non-class space:        8.00 MB reserved,       1.94 MB ( 24%) committed,  1 nodes.
      Class space:        1.00 GB reserved,     320.00 KB ( <1%) committed,  1 nodes.
             Both:        1.01 GB reserved,       2.25 MB ( <1%) committed. 

Chunk freelists:
   Non-Class:  2.97 MB
       Class:  3.59 MB
        Both:  6.56 MB

MaxMetaspaceSize: unlimited
CompressedClassSpaceSize: 1.00 GB
Initial GC threshold: 21.00 MB
Current GC threshold: 21.00 MB
CDS: on
MetaspaceReclaimPolicy: balanced
 - commit_granule_bytes: 65536.
 - commit_granule_words: 8192.
 - virtual_space_node_default_size: 1048576.
 - enlarge_chunks_in_place: 1.
 - new_chunks_are_fully_committed: 0.
 - uncommit_free_chunks: 1.
 - use_allocation_guard: 0.
 - handle_deallocations: 1.


Internal statistics:

num_allocs_failed_limit: 0.
num_arena_births: 58.
num_arena_deaths: 0.
num_vsnodes_births: 2.
num_vsnodes_deaths: 0.
num_space_committed: 36.
num_space_uncommitted: 0.
num_chunks_returned_to_freelist: 0.
num_chunks_taken_from_freelist: 119.
num_chunk_merges: 0.
num_chunk_splits: 74.
num_chunks_enlarged: 54.
num_purges: 0.
num_inconsistent_stats: 0.

CodeCache: size=49152Kb used=3342Kb max_used=3342Kb free=45809Kb
 bounds [0x0000027f0f8b0000, 0x0000027f0fc00000, 0x0000027f128b0000]
 total_blobs=1141 nmethods=731 adapters=336
 compilation: disabled (not enough contiguous free space left)
              stopped_count=1, restarted_count=0
 full_count=2

Compilation events (20 events):
Event: 0.597 Thread 0x0000027f063262d0  713       1       jdk.internal.loader.BuiltinClassLoader::loadClass (22 bytes)
Event: 0.597 Thread 0x0000027f06326cf0 nmethod 711 0x0000027f0fbed810 code [0x0000027f0fbed9a0, 0x0000027f0fbeda88]
Event: 0.597 Thread 0x0000027f06326cf0  714       1       jdk.internal.loader.ClassLoaders$BootClassLoader::loadClassOrNull (10 bytes)
Event: 0.597 Thread 0x0000027f063262d0 nmethod 713 0x0000027f0fbedb10 code [0x0000027f0fbedcc0, 0x0000027f0fbede58]
Event: 0.597 Thread 0x0000027f06326cf0 nmethod 714 0x0000027f0fbedf10 code [0x0000027f0fbee0c0, 0x0000027f0fbee1d8]
Event: 0.598 Thread 0x0000027f06327200 nmethod 712 0x0000027f0fbee290 code [0x0000027f0fbee460, 0x0000027f0fbee738]
Event: 0.600 Thread 0x0000027f06327200  715       1       java.lang.ref.ReferenceQueue::<init> (21 bytes)
Event: 0.600 Thread 0x0000027f06326cf0  716       1       java.lang.ref.ReferenceQueue$Lock::<init> (5 bytes)
Event: 0.600 Thread 0x0000027f06327200 nmethod 715 0x0000027f0fbeec90 code [0x0000027f0fbeee20, 0x0000027f0fbeef98]
Event: 0.600 Thread 0x0000027f06326cf0 nmethod 716 0x0000027f0fbef010 code [0x0000027f0fbef1a0, 0x0000027f0fbef258]
Event: 0.603 Thread 0x0000027f06327200  718       1       java.util.zip.ZipFile::getZipEntry (322 bytes)
Event: 0.603 Thread 0x0000027f06326cf0  719       1       java.util.zip.ZipUtils::CENTIM (9 bytes)
Event: 0.603 Thread 0x0000027f063262d0  720       1       java.util.zip.ZipUtils::CENCRC (9 bytes)
Event: 0.603 Thread 0x0000027f06326cf0 nmethod 719 0x0000027f0fbef790 code [0x0000027f0fbef920, 0x0000027f0fbefa78]
Event: 0.603 Thread 0x0000027f063262d0 nmethod 720 0x0000027f0fbefb90 code [0x0000027f0fbefd20, 0x0000027f0fbefe78]
Event: 0.603 Thread 0x0000027f06326cf0  721       1       java.util.zip.ZipUtils::CENVEM_FA (8 bytes)
Event: 0.603 Thread 0x0000027f063262d0  722       1       java.util.zip.ZipUtils::CH (8 bytes)
Event: 0.606 Thread 0x0000027f063262d0 

Event: 0.606 Thread 0x0000027f06326cf0 

Event: 0.607 Thread 0x0000027f06327200 nmethod 718 0x0000027f0fbeff90 code [0x0000027f0fbf0220, 0x0000027f0fbf0f98]

GC Heap History (0 events):
No events

Deoptimization events (2 events):
Event: 0.313 Thread 0x0000027f068f5790 DEOPT PACKING pc=0x0000027f0fb181ad sp=0x0000009946efc5b0
Event: 0.313 Thread 0x0000027f068f5790 DEOPT UNPACKING pc=0x0000027f0f902b43 sp=0x0000009946efbb10 mode 3

Classes unloaded (0 events):
No events

Classes redefined (0 events):
No events

Internal exceptions (6 events):
Event: 0.313 Thread 0x0000027f068f5790 Implicit null exception at 0x0000027f0fb17ad3 to 0x0000027f0fb181a8
Event: 0.498 Thread 0x0000027f068f5790 Exception <a 'java/lang/ClassNotFoundException'{0x0000000711ec3398}: javax/smartcardio/CardPermission> (0x0000000711ec3398) 
thrown [t:\workspace\open\src\hotspot\share\classfile\systemDictionary.cpp, line 256]
Event: 0.502 Thread 0x0000027f068f5790 Exception <a 'java/io/FileNotFoundException'{0x0000000711ed1470}> (0x0000000711ed1470) 
thrown [t:\workspace\open\src\hotspot\share\prims\jni.cpp, line 516]
Event: 0.534 Thread 0x0000027f068f5790 Exception <a 'java/lang/NoSuchMethodError'{0x0000000711f66680}: 'java.lang.Object java.lang.invoke.DirectMethodHandle$Holder.invokeSpecial(java.lang.Object, java.lang.Object, java.lang.Object, long, java.lang.Object)'> (0x0000000711f66680) 
thrown [t:\workspace\open\src\hotspot\share\interpreter\linkResolver.cpp, line 766]
Event: 0.535 Thread 0x0000027f068f5790 Exception <a 'java/lang/NoSuchMethodError'{0x0000000711f6a320}: 'java.lang.Object java.lang.invoke.Invokers$Holder.linkToTargetMethod(java.lang.Object, long, java.lang.Object, java.lang.Object)'> (0x0000000711f6a320) 
thrown [t:\workspace\open\src\hotspot\share\interpreter\linkResolver.cpp, line 766]
Event: 0.608 Thread 0x0000027f068f5790 Exception <a 'java/lang/NoSuchMethodError'{0x0000000711a46248}: 'void java.lang.invoke.DirectMethodHandle$Holder.invokeStatic(java.lang.Object, java.lang.Object, java.lang.Object, java.lang.Object)'> (0x0000000711a46248) 
thrown [t:\workspace\open\src\hotspot\share\interpreter\linkResolver.cpp, line 766]

VM Operations (12 events):
Event: 0.294 Executing VM operation: HandshakeAllThreads
Event: 0.294 Executing VM operation: HandshakeAllThreads done
Event: 0.431 Executing VM operation: HandshakeAllThreads
Event: 0.431 Executing VM operation: HandshakeAllThreads done
Event: 0.453 Executing VM operation: HandshakeAllThreads
Event: 0.453 Executing VM operation: HandshakeAllThreads done
Event: 0.462 Executing VM operation: HandshakeAllThreads
Event: 0.462 Executing VM operation: HandshakeAllThreads done
Event: 0.463 Executing VM operation: HandshakeAllThreads
Event: 0.463 Executing VM operation: HandshakeAllThreads done
Event: 0.596 Executing VM operation: HandshakeAllThreads
Event: 0.596 Executing VM operation: HandshakeAllThreads done

Events (20 events):
Event: 0.584 loading class java/lang/InterruptedException done
Event: 0.584 loading class java/util/concurrent/TimeoutException
Event: 0.584 loading class java/util/concurrent/TimeoutException done
Event: 0.595 loading class java/lang/IllegalAccessError
Event: 0.595 loading class java/lang/IllegalAccessError done
Event: 0.600 loading class java/util/IdentityHashMap$EntrySet
Event: 0.600 loading class java/util/IdentityHashMap$EntrySet done
Event: 0.600 loading class java/util/IdentityHashMap$EntryIterator
Event: 0.600 loading class java/util/IdentityHashMap$EntryIterator done
Event: 0.600 loading class java/util/IdentityHashMap$EntryIterator$Entry
Event: 0.600 loading class java/util/IdentityHashMap$EntryIterator$Entry done
Event: 0.600 loading class java/util/IdentityHashMap$ValueIterator
Event: 0.601 loading class java/util/IdentityHashMap$ValueIterator done
Event: 0.617 loading class java/net/URISyntaxException
Event: 0.617 loading class java/net/URISyntaxException done
Event: 0.617 loading class java/nio/file/NoSuchFileException
Event: 0.617 loading class java/nio/file/FileSystemException
Event: 0.617 loading class java/nio/file/FileSystemException done
Event: 0.617 loading class java/nio/file/NoSuchFileException done
Event: 0.617 loading class java/io/UncheckedIOException


Dynamic libraries:
0x00007ff67fb10000 - 0x00007ff67fb1e000 	D:\Java\jdk-17.0.2\bin\java.exe
0x00007ffaca070000 - 0x00007ffaca268000 	C:\WINDOWS\SYSTEM32\ntdll.dll
0x00007ffac8b60000 - 0x00007ffac8c22000 	C:\WINDOWS\System32\KERNEL32.DLL
0x00007ffac79c0000 - 0x00007ffac7cbf000 	C:\WINDOWS\System32\KERNELBASE.dll
0x00007ffac7360000 - 0x00007ffac74f8000 	C:\Windows\system32\hmpalert.dll
0x00007ffac7700000 - 0x00007ffac7800000 	C:\WINDOWS\System32\ucrtbase.dll
0x00007ffaa1a20000 - 0x00007ffaa1a38000 	D:\Java\jdk-17.0.2\bin\jli.dll
0x00007ffac9e00000 - 0x00007ffac9f9d000 	C:\WINDOWS\System32\USER32.dll
0x00007ffac7800000 - 0x00007ffac7822000 	C:\WINDOWS\System32\win32u.dll
0x00007ffaca000000 - 0x00007ffaca02b000 	C:\WINDOWS\System32\GDI32.dll
0x00007ffac7cc0000 - 0x00007ffac7dd7000 	C:\WINDOWS\System32\gdi32full.dll
0x00007ffac7e80000 - 0x00007ffac7f1d000 	C:\WINDOWS\System32\msvcp_win.dll
0x00007ffa9f320000 - 0x00007ffa9f33a000 	D:\Java\jdk-17.0.2\bin\VCRUNTIME140.dll
0x00007ffaac680000 - 0x00007ffaac91a000 	C:\WINDOWS\WinSxS\amd64_microsoft.windows.common-controls_6595b64144ccf1df_6.0.19041.4355_none_60b8b9eb71f62e16\COMCTL32.dll
0x00007ffac8450000 - 0x00007ffac84ee000 	C:\WINDOWS\System32\msvcrt.dll
0x00007ffac8d10000 - 0x00007ffac8d3f000 	C:\WINDOWS\System32\IMM32.DLL
0x00007ffa740d0000 - 0x00007ffa7471e000 	C:\Program Files\McAfee\DLP\Agent\fcagpph64.dll
0x00007ffac94c0000 - 0x00007ffac9571000 	C:\WINDOWS\System32\ADVAPI32.dll
0x00007ffac8640000 - 0x00007ffac86df000 	C:\WINDOWS\System32\sechost.dll
0x00007ffac84f0000 - 0x00007ffac8613000 	C:\WINDOWS\System32\RPCRT4.dll
0x00007ffac7de0000 - 0x00007ffac7e07000 	C:\WINDOWS\System32\bcrypt.dll
0x00007ffac9690000 - 0x00007ffac9dfe000 	C:\WINDOWS\System32\SHELL32.dll
0x00007ffac8f60000 - 0x00007ffac908b000 	C:\WINDOWS\System32\ole32.dll
0x00007ffac80f0000 - 0x00007ffac8445000 	C:\WINDOWS\System32\combase.dll
0x00007ffac8cb0000 - 0x00007ffac8d05000 	C:\WINDOWS\System32\SHLWAPI.dll
0x00007ffac8ef0000 - 0x00007ffac8f5b000 	C:\WINDOWS\System32\WS2_32.dll
0x00007ffac9240000 - 0x00007ffac930d000 	C:\WINDOWS\System32\OLEAUT32.dll
0x00007ffaa36e0000 - 0x00007ffaa3784000 	C:\WINDOWS\SYSTEM32\WINSPOOL.DRV
0x00007ffac8e30000 - 0x00007ffac8edd000 	C:\WINDOWS\System32\shcore.dll
0x00007ffac22e0000 - 0x00007ffac22ea000 	C:\WINDOWS\SYSTEM32\VERSION.dll
0x00007ffac75b0000 - 0x00007ffac75e2000 	C:\WINDOWS\SYSTEM32\SspiCli.dll
0x00007ffac6790000 - 0x00007ffac67c3000 	C:\WINDOWS\SYSTEM32\ntmarta.dll
0x00007ffab21b0000 - 0x00007ffab21bc000 	D:\Java\jdk-17.0.2\bin\vcruntime140_1.dll
0x00007ffa9a900000 - 0x00007ffa9a98d000 	D:\Java\jdk-17.0.2\bin\msvcp140.dll
0x00007ffa5c010000 - 0x00007ffa5cbd1000 	D:\Java\jdk-17.0.2\bin\server\jvm.dll
0x00007ffac80e0000 - 0x00007ffac80e8000 	C:\WINDOWS\System32\PSAPI.DLL
0x00007ffab5fb0000 - 0x00007ffab5fb9000 	C:\WINDOWS\SYSTEM32\WSOCK32.dll
0x00007ffaba7d0000 - 0x00007ffaba7f7000 	C:\WINDOWS\SYSTEM32\WINMM.dll
0x00007ffac5ba0000 - 0x00007ffac5bb2000 	C:\WINDOWS\SYSTEM32\kernel.appcore.dll
0x00007ffab2180000 - 0x00007ffab218a000 	D:\Java\jdk-17.0.2\bin\jimage.dll
0x00007ffac58a0000 - 0x00007ffac5a84000 	C:\WINDOWS\SYSTEM32\DBGHELP.DLL
0x00007ffac16f0000 - 0x00007ffac1724000 	C:\WINDOWS\SYSTEM32\dbgcore.DLL
0x00007ffac7930000 - 0x00007ffac79b2000 	C:\WINDOWS\System32\bcryptPrimitives.dll
0x00007ffa9dbd0000 - 0x00007ffa9dbf5000 	D:\Java\jdk-17.0.2\bin\java.dll
0x00007ffa8e960000 - 0x00007ffa8ea36000 	D:\Java\jdk-17.0.2\bin\jsvml.dll
0x00007ffac5020000 - 0x00007ffac57c4000 	C:\WINDOWS\SYSTEM32\windows.storage.dll
0x00007ffac6f20000 - 0x00007ffac6f4f000 	C:\WINDOWS\SYSTEM32\Wldp.dll
0x00007ffac7630000 - 0x00007ffac7654000 	C:\WINDOWS\SYSTEM32\profapi.dll
0x00007ffa9dbb0000 - 0x00007ffa9dbc9000 	D:\Java\jdk-17.0.2\bin\net.dll
0x00007ffac3ca0000 - 0x00007ffac3dad000 	C:\WINDOWS\SYSTEM32\WINHTTP.dll
0x00007ffac6c20000 - 0x00007ffac6c8a000 	C:\WINDOWS\system32\mswsock.dll
0x00007ffa9bee0000 - 0x00007ffa9bef6000 	D:\Java\jdk-17.0.2\bin\nio.dll
0x00007ffa9bb00000 - 0x00007ffa9bb18000 	D:\Java\jdk-17.0.2\bin\zip.dll

dbghelp: loaded successfully - version: 4.0.5 - missing functions: none
symbol engine: initialized successfully - sym options: 0x614 - pdb path: .;D:\Java\jdk-17.0.2\bin;C:\WINDOWS\SYSTEM32;C:\WINDOWS\WinSxS\amd64_microsoft.windows.common-controls_6595b64144ccf1df_6.0.19041.4355_none_60b8b9eb71f62e16;C:\Program Files\McAfee\DLP\Agent;D:\Java\jdk-17.0.2\bin\server

VM Arguments:
jvm_args: -XX:TieredStopAtLevel=1 
java_command: com.example.application.Application
java_class_path (initial): D:\PROJECT CODE\UI - PHP\manulife\target\classes;C:\Users\21016617\.m2\repository\com\vaadin\vaadin\24.6.4\vaadin-24.6.4.jar;C:\Users\21016617\.m2\repository\com\vaadin\vaadin-internal\24.6.4\vaadin-internal-24.6.4.jar;C:\Users\21016617\.m2\repository\com\vaadin\vaadin-core-internal\24.6.4\vaadin-core-internal-24.6.4.jar;C:\Users\21016617\.m2\repository\com\vaadin\flow-lit-template\24.6.4\flow-lit-template-24.6.4.jar;C:\Users\21016617\.m2\repository\com\vaadin\flow-react\24.6.4\flow-react-24.6.4.jar;C:\Users\21016617\.m2\repository\com\vaadin\flow-html-components\24.6.4\flow-html-components-24.6.4.jar;C:\Users\21016617\.m2\repository\com\vaadin\flow-data\24.6.4\flow-data-24.6.4.jar;C:\Users\21016617\.m2\repository\com\vaadin\flow-dnd\24.6.4\flow-dnd-24.6.4.jar;C:\Users\21016617\.m2\repository\com\vaadin\vaadin-lumo-theme\24.6.4\vaadin-lumo-theme-24.6.4.jar;C:\Users\21016617\.m2\repository\com\vaadin\vaadin-icons-flow\24.6.4\vaadin-icons-flow-24.6.4.jar;C:\Users\21016617\.m2\repository\com\vaadin\vaadin-material-theme\24.6.4\vaadin-material-theme-24.6.4.jar;C:\Users\21016617\.m2\repository\com\vaadin\vaadin-core-components\24.6.4\vaadin-core-components-24.6.4.jar;C:\Users\21016617\.m2\repository\com\vaadin\vaadin-accordion-flow\24.6.4\vaadin-accordion-flow-24.6.4.jar;C:\Users\21016617\.m2\repository\com\vaadin\vaadin-avatar-flow\24.6.4\vaadin-avatar-flow-24.6.4.jar;C:\Users\21016617\.m2\repository\com\vaadin\vaadin-checkbox-flow\24.6.4\vaadin-checkbox-flow-24.6.4.jar;C:\Users\21016617\.m2\repository\com\vaadin\vaadin-combo-box-flow\24.6.4\vaadin-combo-box-flow-24.6.4.jar;C:\Users\21016617\.m2\repository\com\vaadin\vaadin-confirm-dialog-flow\24.6.4\vaadin-confirm-dialog-flow-24.6.4.jar;C:\Users\21016617\.m2\repository\com\vaadin\vaadin-custom-field-flow\24.6.4\vaadin-custom-field-flow-24.6.4.jar;C:\Users\21016617\.m2\repository\com\vaadin\vaadin-date-picker-flow\24.6.4\vaadin-date-picker-flow-24.6.4.jar;C:\Users\21016617\.m2\repository\com
Launcher Type: SUN_STANDARD

[Global flags]
     intx CICompilerCount                          = 4                                         {product} {ergonomic}
     uint ConcGCThreads                            = 3                                         {product} {ergonomic}
     uint G1ConcRefinementThreads                  = 10                                        {product} {ergonomic}
   size_t G1HeapRegionSize                         = 2097152                                   {product} {ergonomic}
    uintx GCDrainStackTargetSize                   = 64                                        {product} {ergonomic}
   size_t InitialHeapSize                          = 266338304                                 {product} {ergonomic}
   size_t MarkStackSize                            = 4194304                                   {product} {ergonomic}
   size_t MaxHeapSize                              = 4242538496                                {product} {ergonomic}
   size_t MaxNewSize                               = 2543845376                                {product} {ergonomic}
   size_t MinHeapDeltaBytes                        = 2097152                                   {product} {ergonomic}
   size_t MinHeapSize                              = 8388608                                   {product} {ergonomic}
    uintx NonProfiledCodeHeapSize                  = 0                                      {pd product} {ergonomic}
     bool ProfileInterpreter                       = false                                  {pd product} {command line}
    uintx ProfiledCodeHeapSize                     = 0                                      {pd product} {ergonomic}
   size_t SoftMaxHeapSize                          = 4242538496                             {manageable} {ergonomic}
     intx TieredStopAtLevel                        = 1                                         {product} {command line}
     bool UseCompressedClassPointers               = true                           {product lp64_product} {ergonomic}
     bool UseCompressedOops                        = true                           {product lp64_product} {ergonomic}
     bool UseG1GC                                  = true                                      {product} {ergonomic}
     bool UseLargePagesIndividualAllocation        = false                                  {pd product} {ergonomic}

Logging:
Log output configuration:
 #0: stdout all=warning uptime,level,tags
 #1: stderr all=off uptime,level,tags

Environment Variables:
JAVA_HOME=D:\Java\jdk-17.0.2
PATH=C:\Python312\Scripts\;C:\Python312\;D:\Java\jdk-17.0.2\bin;C:\Program Files (x86)\Common Files\Oracle\Java\javapath;C:\ProgramData\Oracle\Java\javapath;C:\oraclexe\app\oracle\product\11.2.0\server\bin;C:\WINDOWS\system32;C:\WINDOWS;C:\WINDOWS\System32\Wbem;C:\WINDOWS\System32\WindowsPowerShell\v1.0\;C:\WINDOWS\System32\OpenSSH\;C:\Program Files\Java\jdk1.8.0_60\bin;C:\Program Files\TortoiseSVN\bin;C:\Program Files\PuTTY\;D:\APP AND UTILS\flutter_windows_2.10.2-stable\flutter\bin;C:\Program Files\TortoiseGit\bin;C:\Program Files\Microsoft SQL Server\130\Tools\Binn\;C:\Program Files (x86)\Microsoft SQL Server\110\DTS\Binn\;C:\Program Files (x86)\Microsoft SQL Server\120\DTS\Binn\;C:\Program Files (x86)\Microsoft SQL Server\130\DTS\Binn\;C:\Program Files (x86)\Microsoft SQL Server\140\DTS\Binn\;C:\Program Files (x86)\Microsoft SQL Server\150\DTS\Binn\;C:\Program Files\Microsoft SQL Server\150\Tools\Binn\;C:\Program Files\Microsoft SQL Server\Client SDK\ODBC\170\Tools\Binn\;C:\Program Files\dotnet\;C:\Program Files\nodejs\;C:\ProgramData\chocolatey\bin;D:\Java\jdk-17.0.2\bin;C:\Python312\Scripts\;C:\Python312\;C:\Program Files (x86)\Common Files\Oracle\Java\javapath;C:\ProgramData\Oracle\Java\javapath;C:\oraclexe\app\oracle\product\11.2.0\server\bin;C:\WINDOWS\system32;C:\WINDOWS;C:\WINDOWS\System32\Wbem;C:\WINDOWS\System32\WindowsPowerShell\v1.0\;C:\WINDOWS\System32\OpenSSH\;C:\Program Files\Java\jdk1.8.0_60\bin;C:\Program Files\TortoiseSVN\bin;C:\Program Files\PuTTY\;D:\APP AND UTILS\flutter_windows_2.10.2-stable\flutter\bin;C:\Program Files\TortoiseGit\bin;C:\Program Files\Microsoft SQL Server\130\Tools\Binn\;C:\Program Files (x86)\Microsoft SQL Server\110\DTS\Binn\;C:\Program Files (x86)\Microsoft SQL Server\120\DTS\Binn\;C:\Program Files (x86)\Microsoft SQL Server\130\DTS\Binn\;C:\Program Files (x86)\Microsoft SQL Server\140\DTS\Binn\;C:\Program Files (x86)\Microsoft SQL Server\150\DTS\Binn\;C:\Program Files\Microsoft SQL Server\150\Tools\Binn\;C:\Program Files\M
USERNAME=21016617
LANG=en_US.UTF-8
OS=Windows_NT
PROCESSOR_IDENTIFIER=Intel64 Family 6 Model 158 Stepping 10, GenuineIntel



---------------  S Y S T E M  ---------------

OS:
 Windows 10 , 64 bit Build 19041 (10.0.19041.5198)
OS uptime: 0 days 14:22 hours

CPU: total 12 (initial active 12) (6 cores per cpu, 2 threads per core) family 6 model 158 stepping 10 microcode 0xf8, cx8, cmov, fxsr, ht, mmx, 3dnowpref, sse, sse2, sse3, ssse3, sse4.1, sse4.2, popcnt, lzcnt, tsc, tscinvbit, avx, avx2, aes, erms, clmul, bmi1, bmi2, rtm, adx, fma, vzeroupper, clflush, clflushopt

Memory: 4k page, system-wide physical 16176M (4602M free)
TotalPageFile size 17711M (AvailPageFile size 4M)
current process WorkingSet (physical memory assigned to process): 64M, peak: 64M
current process commit charge ("private bytes"): 361M, peak: 361M

vm_info: OpenJDK 64-Bit Server VM (17.0.2+8-86) for windows-amd64 JRE (17.0.2+8-86), built on Dec  7 2021 21:49:10 by "mach5one" with MS VC++ 16.8 / 16.9 (VS2019)

END.
